
 27/11/2023 13:27:29 Service Starting service
 27/11/2023 13:27:29 Bus Became bus client

 27/11/2023 13:27:29 Middleware::Response Success
 27/11/2023 13:27:29 Service Initializing modules

------------------------------------------------------------------------------
----------------------------------AutoLogOut----------------------------------
------------------------------------------------------------------------------
 27/11/2023 13:27:29 Client-Info Client Version: 0.12.0
 27/11/2023 13:27:29 Client-Info Client OS:      Windows
 27/11/2023 13:27:29 Client-Info Server Version: 1.5.9
 27/11/2023 13:27:29 Bus::Client Connection established
 27/11/2023 13:27:29 Middleware::Response Success
------------------------------------------------------------------------------


------------------------------------------------------------------------------
-----------------------------DefaultPrinterManager----------------------------
------------------------------------------------------------------------------
 27/11/2023 13:27:29 Client-Info Client Version: 0.12.0
 27/11/2023 13:27:29 Client-Info Client OS:      Windows
 27/11/2023 13:27:29 Client-Info Server Version: 1.5.9
 27/11/2023 13:27:29 Middleware::Response Success
------------------------------------------------------------------------------


------------------------------------------------------------------------------
--------------------------------DisplayManager--------------------------------
------------------------------------------------------------------------------
 27/11/2023 13:27:29 Client-Info Client Version: 0.12.0
 27/11/2023 13:27:29 Client-Info Client OS:      Windows
 27/11/2023 13:27:29 Client-Info Server Version: 1.5.9
 27/11/2023 13:27:29 Middleware::Response Success
 27/11/2023 13:27:29 DisplayManager ERROR: Invalid settings provided
------------------------------------------------------------------------------

 27/11/2023 13:27:29 Service Sleeping for 147 seconds
 27/11/2023 13:29:56 Middleware::Response Success

------------------------------------------------------------------------------
----------------------------------AutoLogOut----------------------------------
------------------------------------------------------------------------------
 27/11/2023 13:29:56 Client-Info Client Version: 0.12.0
 27/11/2023 13:29:56 Client-Info Client OS:      Windows
 27/11/2023 13:29:56 Client-Info Server Version: 1.5.9
 27/11/2023 13:29:56 Middleware::Response Success
------------------------------------------------------------------------------


------------------------------------------------------------------------------
-----------------------------DefaultPrinterManager----------------------------
------------------------------------------------------------------------------
 27/11/2023 13:29:56 Client-Info Client Version: 0.12.0
 27/11/2023 13:29:56 Client-Info Client OS:      Windows
 27/11/2023 13:29:56 Client-Info Server Version: 1.5.9
 27/11/2023 13:29:56 Middleware::Response Success
------------------------------------------------------------------------------


------------------------------------------------------------------------------
--------------------------------DisplayManager--------------------------------
------------------------------------------------------------------------------
 27/11/2023 13:29:56 Client-Info Client Version: 0.12.0
 27/11/2023 13:29:56 Client-Info Client OS:      Windows
 27/11/2023 13:29:56 Client-Info Server Version: 1.5.9
 27/11/2023 13:29:56 Middleware::Response Success
 27/11/2023 13:29:56 DisplayManager ERROR: Invalid settings provided
------------------------------------------------------------------------------

 27/11/2023 13:29:56 Service Sleeping for 95 seconds
 27/11/2023 13:31:31 Middleware::Response Success

------------------------------------------------------------------------------
----------------------------------AutoLogOut----------------------------------
------------------------------------------------------------------------------
 27/11/2023 13:31:31 Client-Info Client Version: 0.12.0
 27/11/2023 13:31:31 Client-Info Client OS:      Windows
 27/11/2023 13:31:31 Client-Info Server Version: 1.5.9
 27/11/2023 13:31:31 Middleware::Response Success
------------------------------------------------------------------------------


------------------------------------------------------------------------------
-----------------------------DefaultPrinterManager----------------------------
------------------------------------------------------------------------------
 27/11/2023 13:31:31 Client-Info Client Version: 0.12.0
 27/11/2023 13:31:31 Client-Info Client OS:      Windows
 27/11/2023 13:31:31 Client-Info Server Version: 1.5.9
 27/11/2023 13:31:31 Middleware::Response Success
------------------------------------------------------------------------------


------------------------------------------------------------------------------
--------------------------------DisplayManager--------------------------------
------------------------------------------------------------------------------
 27/11/2023 13:31:31 Client-Info Client Version: 0.12.0
 27/11/2023 13:31:31 Client-Info Client OS:      Windows
 27/11/2023 13:31:31 Client-Info Server Version: 1.5.9
 27/11/2023 13:31:31 Middleware::Response Success
 27/11/2023 13:31:31 DisplayManager ERROR: Invalid settings provided
------------------------------------------------------------------------------

 27/11/2023 13:31:31 Service Sleeping for 121 seconds
 27/11/2023 13:33:32 Middleware::Response Success

------------------------------------------------------------------------------
----------------------------------AutoLogOut----------------------------------
------------------------------------------------------------------------------
 27/11/2023 13:33:32 Client-Info Client Version: 0.12.0
 27/11/2023 13:33:32 Client-Info Client OS:      Windows
 27/11/2023 13:33:32 Client-Info Server Version: 1.5.9
 27/11/2023 13:33:32 Middleware::Response Success
------------------------------------------------------------------------------


------------------------------------------------------------------------------
-----------------------------DefaultPrinterManager----------------------------
------------------------------------------------------------------------------
 27/11/2023 13:33:32 Client-Info Client Version: 0.12.0
 27/11/2023 13:33:32 Client-Info Client OS:      Windows
 27/11/2023 13:33:32 Client-Info Server Version: 1.5.9
 27/11/2023 13:33:32 Middleware::Response Success
------------------------------------------------------------------------------


------------------------------------------------------------------------------
--------------------------------DisplayManager--------------------------------
------------------------------------------------------------------------------
 27/11/2023 13:33:32 Client-Info Client Version: 0.12.0
 27/11/2023 13:33:32 Client-Info Client OS:      Windows
 27/11/2023 13:33:32 Client-Info Server Version: 1.5.9
 27/11/2023 13:33:32 Middleware::Response Success
 27/11/2023 13:33:32 DisplayManager ERROR: Invalid settings provided
------------------------------------------------------------------------------

 27/11/2023 13:33:32 Service Sleeping for 125 seconds
 27/11/2023 13:35:37 Middleware::Response Success

------------------------------------------------------------------------------
----------------------------------AutoLogOut----------------------------------
------------------------------------------------------------------------------
 27/11/2023 13:35:37 Client-Info Client Version: 0.12.0
 27/11/2023 13:35:37 Client-Info Client OS:      Windows
 27/11/2023 13:35:37 Client-Info Server Version: 1.5.9
 27/11/2023 13:35:37 Middleware::Response Success
------------------------------------------------------------------------------


------------------------------------------------------------------------------
-----------------------------DefaultPrinterManager----------------------------
------------------------------------------------------------------------------
 27/11/2023 13:35:37 Client-Info Client Version: 0.12.0
 27/11/2023 13:35:37 Client-Info Client OS:      Windows
 27/11/2023 13:35:37 Client-Info Server Version: 1.5.9
 27/11/2023 13:35:37 Middleware::Response Success
------------------------------------------------------------------------------


------------------------------------------------------------------------------
--------------------------------DisplayManager--------------------------------
------------------------------------------------------------------------------
 27/11/2023 13:35:37 Client-Info Client Version: 0.12.0
 27/11/2023 13:35:37 Client-Info Client OS:      Windows
 27/11/2023 13:35:37 Client-Info Server Version: 1.5.9
 27/11/2023 13:35:37 Middleware::Response Success
 27/11/2023 13:35:37 DisplayManager ERROR: Invalid settings provided
------------------------------------------------------------------------------

 27/11/2023 13:35:37 Service Sleeping for 117 seconds
